<?xml version="1.0" encoding="UTF-8"?>
<!-- Generated by org.testng.reporters.JUnitReportReporter -->
<testsuite name="com.cts.automation.test.TestRunner" tests="1" time="9.174" ignored="0" failures="0" timestamp="22 Mar 2022 09:54:52 GMT" skipped="0" hostname="LAPTOP-NL6VG6A2" errors="0">
  <testcase name="run" time="9.174" classname="com.cts.automation.test.TestRunner"/>
</testsuite> <!-- com.cts.automation.test.TestRunner -->
